[2025-01-09 19:21:55] local.ERROR: No application encryption key has been specified. {"exception":"[object] (Illuminate\\Encryption\\MissingAppKeyException(code: 0): No application encryption key has been specified. at C:\\Users\\Administrator\\Desktop\\PHP 8.4.2\\laravel-tasks-main\\laravel-tasks-main\\vendor\\laravel\\framework\\src\\Illuminate\\Encryption\\EncryptionServiceProvider.php:79)
[stacktrace]
#0 C:\\Users\\Administrator\\Desktop\\PHP 8.4.2\\laravel-tasks-main\\laravel-tasks-main\\vendor\\laravel\\framework\\src\\Illuminate\\Support\\helpers.php(307): Illuminate\\Encryption\\EncryptionServiceProvider->{closure:Illuminate\\Encryption\\EncryptionServiceProvider::key():77}()
#1 C:\\Users\\Administrator\\Desktop\\PHP 8.4.2\\laravel-tasks-main\\laravel-tasks-main\\vendor\\laravel\\framework\\src\\Illuminate\\Encryption\\EncryptionServiceProvider.php(77): tap()
#2 C:\\Users\\Administrator\\Desktop\\PHP 8.4.2\\laravel-tasks-main\\laravel-tasks-main\\vendor\\laravel\\framework\\src\\Illuminate\\Encryption\\EncryptionServiceProvider.php(60): Illuminate\\Encryption\\EncryptionServiceProvider->key()
#3 C:\\Users\\Administrator\\Desktop\\PHP 8.4.2\\laravel-tasks-main\\laravel-tasks-main\\vendor\\laravel\\framework\\src\\Illuminate\\Encryption\\EncryptionServiceProvider.php(32): Illuminate\\Encryption\\EncryptionServiceProvider->parseKey()
#4 C:\\Users\\Administrator\\Desktop\\PHP 8.4.2\\laravel-tasks-main\\laravel-tasks-main\\vendor\\laravel\\framework\\src\\Illuminate\\Container\\Container.php(908): Illuminate\\Encryption\\EncryptionServiceProvider->{closure:Illuminate\\Encryption\\EncryptionServiceProvider::registerEncrypter():29}()
#5 C:\\Users\\Administrator\\Desktop\\PHP 8.4.2\\laravel-tasks-main\\laravel-tasks-main\\vendor\\laravel\\framework\\src\\Illuminate\\Container\\Container.php(795): Illuminate\\Container\\Container->build()
#6 C:\\Users\\Administrator\\Desktop\\PHP 8.4.2\\laravel-tasks-main\\laravel-tasks-main\\vendor\\laravel\\framework\\src\\Illuminate\\Foundation\\Application.php(963): Illuminate\\Container\\Container->resolve()
#7 C:\\Users\\Administrator\\Desktop\\PHP 8.4.2\\laravel-tasks-main\\laravel-tasks-main\\vendor\\laravel\\framework\\src\\Illuminate\\Container\\Container.php(731): Illuminate\\Foundation\\Application->resolve()
#8 C:\\Users\\Administrator\\Desktop\\PHP 8.4.2\\laravel-tasks-main\\laravel-tasks-main\\vendor\\laravel\\framework\\src\\Illuminate\\Foundation\\Application.php(948): Illuminate\\Container\\Container->make()
#9 C:\\Users\\Administrator\\Desktop\\PHP 8.4.2\\laravel-tasks-main\\laravel-tasks-main\\vendor\\laravel\\framework\\src\\Illuminate\\Container\\Container.php(1066): Illuminate\\Foundation\\Application->make()
#10 C:\\Users\\Administrator\\Desktop\\PHP 8.4.2\\laravel-tasks-main\\laravel-tasks-main\\vendor\\laravel\\framework\\src\\Illuminate\\Container\\Container.php(982): Illuminate\\Container\\Container->resolveClass()
#11 C:\\Users\\Administrator\\Desktop\\PHP 8.4.2\\laravel-tasks-main\\laravel-tasks-main\\vendor\\laravel\\framework\\src\\Illuminate\\Container\\Container.php(943): Illuminate\\Container\\Container->resolveDependencies()
#12 C:\\Users\\Administrator\\Desktop\\PHP 8.4.2\\laravel-tasks-main\\laravel-tasks-main\\vendor\\laravel\\framework\\src\\Illuminate\\Container\\Container.php(795): Illuminate\\Container\\Container->build()
#13 C:\\Users\\Administrator\\Desktop\\PHP 8.4.2\\laravel-tasks-main\\laravel-tasks-main\\vendor\\laravel\\framework\\src\\Illuminate\\Foundation\\Application.php(963): Illuminate\\Container\\Container->resolve()
#14 C:\\Users\\Administrator\\Desktop\\PHP 8.4.2\\laravel-tasks-main\\laravel-tasks-main\\vendor\\laravel\\framework\\src\\Illuminate\\Container\\Container.php(731): Illuminate\\Foundation\\Application->resolve()
#15 C:\\Users\\Administrator\\Desktop\\PHP 8.4.2\\laravel-tasks-main\\laravel-tasks-main\\vendor\\laravel\\framework\\src\\Illuminate\\Foundation\\Application.php(948): Illuminate\\Container\\Container->make()
#16 C:\\Users\\Administrator\\Desktop\\PHP 8.4.2\\laravel-tasks-main\\laravel-tasks-main\\vendor\\laravel\\framework\\src\\Illuminate\\Pipeline\\Pipeline.php(172): Illuminate\\Foundation\\Application->make()
#17 C:\\Users\\Administrator\\Desktop\\PHP 8.4.2\\laravel-tasks-main\\laravel-tasks-main\\vendor\\laravel\\framework\\src\\Illuminate\\Pipeline\\Pipeline.php(119): Illuminate\\Pipeline\\Pipeline->{closure:{closure:Illuminate\\Pipeline\\Pipeline::carry():158}:159}()
#18 C:\\Users\\Administrator\\Desktop\\PHP 8.4.2\\laravel-tasks-main\\laravel-tasks-main\\vendor\\laravel\\framework\\src\\Illuminate\\Routing\\Router.php(805): Illuminate\\Pipeline\\Pipeline->then()
#19 C:\\Users\\Administrator\\Desktop\\PHP 8.4.2\\laravel-tasks-main\\laravel-tasks-main\\vendor\\laravel\\framework\\src\\Illuminate\\Routing\\Router.php(784): Illuminate\\Routing\\Router->runRouteWithinStack()
#20 C:\\Users\\Administrator\\Desktop\\PHP 8.4.2\\laravel-tasks-main\\laravel-tasks-main\\vendor\\laravel\\framework\\src\\Illuminate\\Routing\\Router.php(748): Illuminate\\Routing\\Router->runRoute()
#21 C:\\Users\\Administrator\\Desktop\\PHP 8.4.2\\laravel-tasks-main\\laravel-tasks-main\\vendor\\laravel\\framework\\src\\Illuminate\\Routing\\Router.php(737): Illuminate\\Routing\\Router->dispatchToRoute()
#22 C:\\Users\\Administrator\\Desktop\\PHP 8.4.2\\laravel-tasks-main\\laravel-tasks-main\\vendor\\laravel\\framework\\src\\Illuminate\\Foundation\\Http\\Kernel.php(200): Illuminate\\Routing\\Router->dispatch()
#23 C:\\Users\\Administrator\\Desktop\\PHP 8.4.2\\laravel-tasks-main\\laravel-tasks-main\\vendor\\laravel\\framework\\src\\Illuminate\\Pipeline\\Pipeline.php(144): Illuminate\\Foundation\\Http\\Kernel->{closure:Illuminate\\Foundation\\Http\\Kernel::dispatchToRouter():197}()
#24 C:\\Users\\Administrator\\Desktop\\PHP 8.4.2\\laravel-tasks-main\\laravel-tasks-main\\vendor\\laravel\\framework\\src\\Illuminate\\Foundation\\Http\\Middleware\\TransformsRequest.php(21): Illuminate\\Pipeline\\Pipeline->{closure:Illuminate\\Pipeline\\Pipeline::prepareDestination():142}()
#25 C:\\Users\\Administrator\\Desktop\\PHP 8.4.2\\laravel-tasks-main\\laravel-tasks-main\\vendor\\laravel\\framework\\src\\Illuminate\\Foundation\\Http\\Middleware\\ConvertEmptyStringsToNull.php(31): Illuminate\\Foundation\\Http\\Middleware\\TransformsRequest->handle()
#26 C:\\Users\\Administrator\\Desktop\\PHP 8.4.2\\laravel-tasks-main\\laravel-tasks-main\\vendor\\laravel\\framework\\src\\Illuminate\\Pipeline\\Pipeline.php(183): Illuminate\\Foundation\\Http\\Middleware\\ConvertEmptyStringsToNull->handle()
#27 C:\\Users\\Administrator\\Desktop\\PHP 8.4.2\\laravel-tasks-main\\laravel-tasks-main\\vendor\\laravel\\framework\\src\\Illuminate\\Foundation\\Http\\Middleware\\TransformsRequest.php(21): Illuminate\\Pipeline\\Pipeline->{closure:{closure:Illuminate\\Pipeline\\Pipeline::carry():158}:159}()
#28 C:\\Users\\Administrator\\Desktop\\PHP 8.4.2\\laravel-tasks-main\\laravel-tasks-main\\vendor\\laravel\\framework\\src\\Illuminate\\Foundation\\Http\\Middleware\\TrimStrings.php(40): Illuminate\\Foundation\\Http\\Middleware\\TransformsRequest->handle()
#29 C:\\Users\\Administrator\\Desktop\\PHP 8.4.2\\laravel-tasks-main\\laravel-tasks-main\\vendor\\laravel\\framework\\src\\Illuminate\\Pipeline\\Pipeline.php(183): Illuminate\\Foundation\\Http\\Middleware\\TrimStrings->handle()
#30 C:\\Users\\Administrator\\Desktop\\PHP 8.4.2\\laravel-tasks-main\\laravel-tasks-main\\vendor\\laravel\\framework\\src\\Illuminate\\Foundation\\Http\\Middleware\\ValidatePostSize.php(27): Illuminate\\Pipeline\\Pipeline->{closure:{closure:Illuminate\\Pipeline\\Pipeline::carry():158}:159}()
#31 C:\\Users\\Administrator\\Desktop\\PHP 8.4.2\\laravel-tasks-main\\laravel-tasks-main\\vendor\\laravel\\framework\\src\\Illuminate\\Pipeline\\Pipeline.php(183): Illuminate\\Foundation\\Http\\Middleware\\ValidatePostSize->handle()
#32 C:\\Users\\Administrator\\Desktop\\PHP 8.4.2\\laravel-tasks-main\\laravel-tasks-main\\vendor\\laravel\\framework\\src\\Illuminate\\Foundation\\Http\\Middleware\\PreventRequestsDuringMaintenance.php(99): Illuminate\\Pipeline\\Pipeline->{closure:{closure:Illuminate\\Pipeline\\Pipeline::carry():158}:159}()
#33 C:\\Users\\Administrator\\Desktop\\PHP 8.4.2\\laravel-tasks-main\\laravel-tasks-main\\vendor\\laravel\\framework\\src\\Illuminate\\Pipeline\\Pipeline.php(183): Illuminate\\Foundation\\Http\\Middleware\\PreventRequestsDuringMaintenance->handle()
#34 C:\\Users\\Administrator\\Desktop\\PHP 8.4.2\\laravel-tasks-main\\laravel-tasks-main\\vendor\\laravel\\framework\\src\\Illuminate\\Http\\Middleware\\HandleCors.php(49): Illuminate\\Pipeline\\Pipeline->{closure:{closure:Illuminate\\Pipeline\\Pipeline::carry():158}:159}()
#35 C:\\Users\\Administrator\\Desktop\\PHP 8.4.2\\laravel-tasks-main\\laravel-tasks-main\\vendor\\laravel\\framework\\src\\Illuminate\\Pipeline\\Pipeline.php(183): Illuminate\\Http\\Middleware\\HandleCors->handle()
#36 C:\\Users\\Administrator\\Desktop\\PHP 8.4.2\\laravel-tasks-main\\laravel-tasks-main\\vendor\\laravel\\framework\\src\\Illuminate\\Http\\Middleware\\TrustProxies.php(39): Illuminate\\Pipeline\\Pipeline->{closure:{closure:Illuminate\\Pipeline\\Pipeline::carry():158}:159}()
#37 C:\\Users\\Administrator\\Desktop\\PHP 8.4.2\\laravel-tasks-main\\laravel-tasks-main\\vendor\\laravel\\framework\\src\\Illuminate\\Pipeline\\Pipeline.php(183): Illuminate\\Http\\Middleware\\TrustProxies->handle()
#38 C:\\Users\\Administrator\\Desktop\\PHP 8.4.2\\laravel-tasks-main\\laravel-tasks-main\\vendor\\laravel\\framework\\src\\Illuminate\\Pipeline\\Pipeline.php(119): Illuminate\\Pipeline\\Pipeline->{closure:{closure:Illuminate\\Pipeline\\Pipeline::carry():158}:159}()
#39 C:\\Users\\Administrator\\Desktop\\PHP 8.4.2\\laravel-tasks-main\\laravel-tasks-main\\vendor\\laravel\\framework\\src\\Illuminate\\Foundation\\Http\\Kernel.php(175): Illuminate\\Pipeline\\Pipeline->then()
#40 C:\\Users\\Administrator\\Desktop\\PHP 8.4.2\\laravel-tasks-main\\laravel-tasks-main\\vendor\\laravel\\framework\\src\\Illuminate\\Foundation\\Http\\Kernel.php(144): Illuminate\\Foundation\\Http\\Kernel->sendRequestThroughRouter()
#41 C:\\Users\\Administrator\\Desktop\\PHP 8.4.2\\laravel-tasks-main\\laravel-tasks-main\\public\\index.php(51): Illuminate\\Foundation\\Http\\Kernel->handle()
#42 C:\\Users\\Administrator\\Desktop\\PHP 8.4.2\\laravel-tasks-main\\laravel-tasks-main\\vendor\\laravel\\framework\\src\\Illuminate\\Foundation\\resources\\server.php(16): require_once('...')
#43 {main}
"} 
[2025-01-09 19:21:56] local.ERROR: No application encryption key has been specified. {"exception":"[object] (Illuminate\\Encryption\\MissingAppKeyException(code: 0): No application encryption key has been specified. at C:\\Users\\Administrator\\Desktop\\PHP 8.4.2\\laravel-tasks-main\\laravel-tasks-main\\vendor\\laravel\\framework\\src\\Illuminate\\Encryption\\EncryptionServiceProvider.php:79)
[stacktrace]
#0 C:\\Users\\Administrator\\Desktop\\PHP 8.4.2\\laravel-tasks-main\\laravel-tasks-main\\vendor\\laravel\\framework\\src\\Illuminate\\Support\\helpers.php(307): Illuminate\\Encryption\\EncryptionServiceProvider->{closure:Illuminate\\Encryption\\EncryptionServiceProvider::key():77}()
#1 C:\\Users\\Administrator\\Desktop\\PHP 8.4.2\\laravel-tasks-main\\laravel-tasks-main\\vendor\\laravel\\framework\\src\\Illuminate\\Encryption\\EncryptionServiceProvider.php(77): tap()
#2 C:\\Users\\Administrator\\Desktop\\PHP 8.4.2\\laravel-tasks-main\\laravel-tasks-main\\vendor\\laravel\\framework\\src\\Illuminate\\Encryption\\EncryptionServiceProvider.php(60): Illuminate\\Encryption\\EncryptionServiceProvider->key()
#3 C:\\Users\\Administrator\\Desktop\\PHP 8.4.2\\laravel-tasks-main\\laravel-tasks-main\\vendor\\laravel\\framework\\src\\Illuminate\\Encryption\\EncryptionServiceProvider.php(32): Illuminate\\Encryption\\EncryptionServiceProvider->parseKey()
#4 C:\\Users\\Administrator\\Desktop\\PHP 8.4.2\\laravel-tasks-main\\laravel-tasks-main\\vendor\\laravel\\framework\\src\\Illuminate\\Container\\Container.php(908): Illuminate\\Encryption\\EncryptionServiceProvider->{closure:Illuminate\\Encryption\\EncryptionServiceProvider::registerEncrypter():29}()
#5 C:\\Users\\Administrator\\Desktop\\PHP 8.4.2\\laravel-tasks-main\\laravel-tasks-main\\vendor\\laravel\\framework\\src\\Illuminate\\Container\\Container.php(795): Illuminate\\Container\\Container->build()
#6 C:\\Users\\Administrator\\Desktop\\PHP 8.4.2\\laravel-tasks-main\\laravel-tasks-main\\vendor\\laravel\\framework\\src\\Illuminate\\Foundation\\Application.php(963): Illuminate\\Container\\Container->resolve()
#7 C:\\Users\\Administrator\\Desktop\\PHP 8.4.2\\laravel-tasks-main\\laravel-tasks-main\\vendor\\laravel\\framework\\src\\Illuminate\\Container\\Container.php(731): Illuminate\\Foundation\\Application->resolve()
#8 C:\\Users\\Administrator\\Desktop\\PHP 8.4.2\\laravel-tasks-main\\laravel-tasks-main\\vendor\\laravel\\framework\\src\\Illuminate\\Foundation\\Application.php(948): Illuminate\\Container\\Container->make()
#9 C:\\Users\\Administrator\\Desktop\\PHP 8.4.2\\laravel-tasks-main\\laravel-tasks-main\\vendor\\laravel\\framework\\src\\Illuminate\\Container\\Container.php(1066): Illuminate\\Foundation\\Application->make()
#10 C:\\Users\\Administrator\\Desktop\\PHP 8.4.2\\laravel-tasks-main\\laravel-tasks-main\\vendor\\laravel\\framework\\src\\Illuminate\\Container\\Container.php(982): Illuminate\\Container\\Container->resolveClass()
#11 C:\\Users\\Administrator\\Desktop\\PHP 8.4.2\\laravel-tasks-main\\laravel-tasks-main\\vendor\\laravel\\framework\\src\\Illuminate\\Container\\Container.php(943): Illuminate\\Container\\Container->resolveDependencies()
#12 C:\\Users\\Administrator\\Desktop\\PHP 8.4.2\\laravel-tasks-main\\laravel-tasks-main\\vendor\\laravel\\framework\\src\\Illuminate\\Container\\Container.php(795): Illuminate\\Container\\Container->build()
#13 C:\\Users\\Administrator\\Desktop\\PHP 8.4.2\\laravel-tasks-main\\laravel-tasks-main\\vendor\\laravel\\framework\\src\\Illuminate\\Foundation\\Application.php(963): Illuminate\\Container\\Container->resolve()
#14 C:\\Users\\Administrator\\Desktop\\PHP 8.4.2\\laravel-tasks-main\\laravel-tasks-main\\vendor\\laravel\\framework\\src\\Illuminate\\Container\\Container.php(731): Illuminate\\Foundation\\Application->resolve()
#15 C:\\Users\\Administrator\\Desktop\\PHP 8.4.2\\laravel-tasks-main\\laravel-tasks-main\\vendor\\laravel\\framework\\src\\Illuminate\\Foundation\\Application.php(948): Illuminate\\Container\\Container->make()
#16 C:\\Users\\Administrator\\Desktop\\PHP 8.4.2\\laravel-tasks-main\\laravel-tasks-main\\vendor\\laravel\\framework\\src\\Illuminate\\Foundation\\Http\\Kernel.php(255): Illuminate\\Foundation\\Application->make()
#17 C:\\Users\\Administrator\\Desktop\\PHP 8.4.2\\laravel-tasks-main\\laravel-tasks-main\\vendor\\laravel\\framework\\src\\Illuminate\\Foundation\\Http\\Kernel.php(213): Illuminate\\Foundation\\Http\\Kernel->terminateMiddleware()
#18 C:\\Users\\Administrator\\Desktop\\PHP 8.4.2\\laravel-tasks-main\\laravel-tasks-main\\public\\index.php(55): Illuminate\\Foundation\\Http\\Kernel->terminate()
#19 C:\\Users\\Administrator\\Desktop\\PHP 8.4.2\\laravel-tasks-main\\laravel-tasks-main\\vendor\\laravel\\framework\\src\\Illuminate\\Foundation\\resources\\server.php(16): require_once('...')
#20 {main}
"} 
[2025-01-09 19:29:46] local.INFO: Get /  
[2025-01-09 19:29:46] local.ERROR: could not find driver (Connection: mysql, SQL: select * from `tasks` order by `created_at` asc) {"exception":"[object] (Illuminate\\Database\\QueryException(code: 0): could not find driver (Connection: mysql, SQL: select * from `tasks` order by `created_at` asc) at C:\\Users\\Administrator\\Desktop\\PHP 8.4.2\\laravel-tasks-main\\laravel-tasks-main\\vendor\\laravel\\framework\\src\\Illuminate\\Database\\Connection.php:829)
[stacktrace]
#0 C:\\Users\\Administrator\\Desktop\\PHP 8.4.2\\laravel-tasks-main\\laravel-tasks-main\\vendor\\laravel\\framework\\src\\Illuminate\\Database\\Connection.php(783): Illuminate\\Database\\Connection->runQueryCallback()
#1 C:\\Users\\Administrator\\Desktop\\PHP 8.4.2\\laravel-tasks-main\\laravel-tasks-main\\vendor\\laravel\\framework\\src\\Illuminate\\Database\\Connection.php(414): Illuminate\\Database\\Connection->run()
#2 C:\\Users\\Administrator\\Desktop\\PHP 8.4.2\\laravel-tasks-main\\laravel-tasks-main\\vendor\\laravel\\framework\\src\\Illuminate\\Database\\Query\\Builder.php(2913): Illuminate\\Database\\Connection->select()
#3 C:\\Users\\Administrator\\Desktop\\PHP 8.4.2\\laravel-tasks-main\\laravel-tasks-main\\vendor\\laravel\\framework\\src\\Illuminate\\Database\\Query\\Builder.php(2902): Illuminate\\Database\\Query\\Builder->runSelect()
#4 C:\\Users\\Administrator\\Desktop\\PHP 8.4.2\\laravel-tasks-main\\laravel-tasks-main\\vendor\\laravel\\framework\\src\\Illuminate\\Database\\Query\\Builder.php(3456): Illuminate\\Database\\Query\\Builder->{closure:Illuminate\\Database\\Query\\Builder::get():2901}()
#5 C:\\Users\\Administrator\\Desktop\\PHP 8.4.2\\laravel-tasks-main\\laravel-tasks-main\\vendor\\laravel\\framework\\src\\Illuminate\\Database\\Query\\Builder.php(2901): Illuminate\\Database\\Query\\Builder->onceWithColumns()
#6 C:\\Users\\Administrator\\Desktop\\PHP 8.4.2\\laravel-tasks-main\\laravel-tasks-main\\vendor\\laravel\\framework\\src\\Illuminate\\Database\\Eloquent\\Builder.php(739): Illuminate\\Database\\Query\\Builder->get()
#7 C:\\Users\\Administrator\\Desktop\\PHP 8.4.2\\laravel-tasks-main\\laravel-tasks-main\\vendor\\laravel\\framework\\src\\Illuminate\\Database\\Eloquent\\Builder.php(723): Illuminate\\Database\\Eloquent\\Builder->getModels()
#8 C:\\Users\\Administrator\\Desktop\\PHP 8.4.2\\laravel-tasks-main\\laravel-tasks-main\\routes\\web.php(30): Illuminate\\Database\\Eloquent\\Builder->get()
#9 C:\\Users\\Administrator\\Desktop\\PHP 8.4.2\\laravel-tasks-main\\laravel-tasks-main\\vendor\\laravel\\framework\\src\\Illuminate\\Routing\\CallableDispatcher.php(40): Illuminate\\Routing\\RouteFileRegistrar->{closure:C:\\Users\\Administrator\\Desktop\\PHP 8.4.2\\laravel-tasks-main\\laravel-tasks-main\\routes\\web.php:22}()
#10 C:\\Users\\Administrator\\Desktop\\PHP 8.4.2\\laravel-tasks-main\\laravel-tasks-main\\vendor\\laravel\\framework\\src\\Illuminate\\Routing\\Route.php(237): Illuminate\\Routing\\CallableDispatcher->dispatch()
#11 C:\\Users\\Administrator\\Desktop\\PHP 8.4.2\\laravel-tasks-main\\laravel-tasks-main\\vendor\\laravel\\framework\\src\\Illuminate\\Routing\\Route.php(208): Illuminate\\Routing\\Route->runCallable()
#12 C:\\Users\\Administrator\\Desktop\\PHP 8.4.2\\laravel-tasks-main\\laravel-tasks-main\\vendor\\laravel\\framework\\src\\Illuminate\\Routing\\Router.php(806): Illuminate\\Routing\\Route->run()
#13 C:\\Users\\Administrator\\Desktop\\PHP 8.4.2\\laravel-tasks-main\\laravel-tasks-main\\vendor\\laravel\\framework\\src\\Illuminate\\Pipeline\\Pipeline.php(144): Illuminate\\Routing\\Router->{closure:Illuminate\\Routing\\Router::runRouteWithinStack():805}()
#14 C:\\Users\\Administrator\\Desktop\\PHP 8.4.2\\laravel-tasks-main\\laravel-tasks-main\\vendor\\laravel\\framework\\src\\Illuminate\\Routing\\Middleware\\SubstituteBindings.php(50): Illuminate\\Pipeline\\Pipeline->{closure:Illuminate\\Pipeline\\Pipeline::prepareDestination():142}()
#15 C:\\Users\\Administrator\\Desktop\\PHP 8.4.2\\laravel-tasks-main\\laravel-tasks-main\\vendor\\laravel\\framework\\src\\Illuminate\\Pipeline\\Pipeline.php(183): Illuminate\\Routing\\Middleware\\SubstituteBindings->handle()
#16 C:\\Users\\Administrator\\Desktop\\PHP 8.4.2\\laravel-tasks-main\\laravel-tasks-main\\vendor\\laravel\\framework\\src\\Illuminate\\Foundation\\Http\\Middleware\\VerifyCsrfToken.php(78): Illuminate\\Pipeline\\Pipeline->{closure:{closure:Illuminate\\Pipeline\\Pipeline::carry():158}:159}()
#17 C:\\Users\\Administrator\\Desktop\\PHP 8.4.2\\laravel-tasks-main\\laravel-tasks-main\\vendor\\laravel\\framework\\src\\Illuminate\\Pipeline\\Pipeline.php(183): Illuminate\\Foundation\\Http\\Middleware\\VerifyCsrfToken->handle()
#18 C:\\Users\\Administrator\\Desktop\\PHP 8.4.2\\laravel-tasks-main\\laravel-tasks-main\\vendor\\laravel\\framework\\src\\Illuminate\\View\\Middleware\\ShareErrorsFromSession.php(49): Illuminate\\Pipeline\\Pipeline->{closure:{closure:Illuminate\\Pipeline\\Pipeline::carry():158}:159}()
#19 C:\\Users\\Administrator\\Desktop\\PHP 8.4.2\\laravel-tasks-main\\laravel-tasks-main\\vendor\\laravel\\framework\\src\\Illuminate\\Pipeline\\Pipeline.php(183): Illuminate\\View\\Middleware\\ShareErrorsFromSession->handle()
#20 C:\\Users\\Administrator\\Desktop\\PHP 8.4.2\\laravel-tasks-main\\laravel-tasks-main\\vendor\\laravel\\framework\\src\\Illuminate\\Session\\Middleware\\StartSession.php(121): Illuminate\\Pipeline\\Pipeline->{closure:{closure:Illuminate\\Pipeline\\Pipeline::carry():158}:159}()
#21 C:\\Users\\Administrator\\Desktop\\PHP 8.4.2\\laravel-tasks-main\\laravel-tasks-main\\vendor\\laravel\\framework\\src\\Illuminate\\Session\\Middleware\\StartSession.php(64): Illuminate\\Session\\Middleware\\StartSession->handleStatefulRequest()
#22 C:\\Users\\Administrator\\Desktop\\PHP 8.4.2\\laravel-tasks-main\\laravel-tasks-main\\vendor\\laravel\\framework\\src\\Illuminate\\Pipeline\\Pipeline.php(183): Illuminate\\Session\\Middleware\\StartSession->handle()
#23 C:\\Users\\Administrator\\Desktop\\PHP 8.4.2\\laravel-tasks-main\\laravel-tasks-main\\vendor\\laravel\\framework\\src\\Illuminate\\Cookie\\Middleware\\AddQueuedCookiesToResponse.php(37): Illuminate\\Pipeline\\Pipeline->{closure:{closure:Illuminate\\Pipeline\\Pipeline::carry():158}:159}()
#24 C:\\Users\\Administrator\\Desktop\\PHP 8.4.2\\laravel-tasks-main\\laravel-tasks-main\\vendor\\laravel\\framework\\src\\Illuminate\\Pipeline\\Pipeline.php(183): Illuminate\\Cookie\\Middleware\\AddQueuedCookiesToResponse->handle()
#25 C:\\Users\\Administrator\\Desktop\\PHP 8.4.2\\laravel-tasks-main\\laravel-tasks-main\\vendor\\laravel\\framework\\src\\Illuminate\\Cookie\\Middleware\\EncryptCookies.php(67): Illuminate\\Pipeline\\Pipeline->{closure:{closure:Illuminate\\Pipeline\\Pipeline::carry():158}:159}()
#26 C:\\Users\\Administrator\\Desktop\\PHP 8.4.2\\laravel-tasks-main\\laravel-tasks-main\\vendor\\laravel\\framework\\src\\Illuminate\\Pipeline\\Pipeline.php(183): Illuminate\\Cookie\\Middleware\\EncryptCookies->handle()
#27 C:\\Users\\Administrator\\Desktop\\PHP 8.4.2\\laravel-tasks-main\\laravel-tasks-main\\vendor\\laravel\\framework\\src\\Illuminate\\Pipeline\\Pipeline.php(119): Illuminate\\Pipeline\\Pipeline->{closure:{closure:Illuminate\\Pipeline\\Pipeline::carry():158}:159}()
#28 C:\\Users\\Administrator\\Desktop\\PHP 8.4.2\\laravel-tasks-main\\laravel-tasks-main\\vendor\\laravel\\framework\\src\\Illuminate\\Routing\\Router.php(805): Illuminate\\Pipeline\\Pipeline->then()
#29 C:\\Users\\Administrator\\Desktop\\PHP 8.4.2\\laravel-tasks-main\\laravel-tasks-main\\vendor\\laravel\\framework\\src\\Illuminate\\Routing\\Router.php(784): Illuminate\\Routing\\Router->runRouteWithinStack()
#30 C:\\Users\\Administrator\\Desktop\\PHP 8.4.2\\laravel-tasks-main\\laravel-tasks-main\\vendor\\laravel\\framework\\src\\Illuminate\\Routing\\Router.php(748): Illuminate\\Routing\\Router->runRoute()
#31 C:\\Users\\Administrator\\Desktop\\PHP 8.4.2\\laravel-tasks-main\\laravel-tasks-main\\vendor\\laravel\\framework\\src\\Illuminate\\Routing\\Router.php(737): Illuminate\\Routing\\Router->dispatchToRoute()
#32 C:\\Users\\Administrator\\Desktop\\PHP 8.4.2\\laravel-tasks-main\\laravel-tasks-main\\vendor\\laravel\\framework\\src\\Illuminate\\Foundation\\Http\\Kernel.php(200): Illuminate\\Routing\\Router->dispatch()
#33 C:\\Users\\Administrator\\Desktop\\PHP 8.4.2\\laravel-tasks-main\\laravel-tasks-main\\vendor\\laravel\\framework\\src\\Illuminate\\Pipeline\\Pipeline.php(144): Illuminate\\Foundation\\Http\\Kernel->{closure:Illuminate\\Foundation\\Http\\Kernel::dispatchToRouter():197}()
#34 C:\\Users\\Administrator\\Desktop\\PHP 8.4.2\\laravel-tasks-main\\laravel-tasks-main\\vendor\\laravel\\framework\\src\\Illuminate\\Foundation\\Http\\Middleware\\TransformsRequest.php(21): Illuminate\\Pipeline\\Pipeline->{closure:Illuminate\\Pipeline\\Pipeline::prepareDestination():142}()
#35 C:\\Users\\Administrator\\Desktop\\PHP 8.4.2\\laravel-tasks-main\\laravel-tasks-main\\vendor\\laravel\\framework\\src\\Illuminate\\Foundation\\Http\\Middleware\\ConvertEmptyStringsToNull.php(31): Illuminate\\Foundation\\Http\\Middleware\\TransformsRequest->handle()
#36 C:\\Users\\Administrator\\Desktop\\PHP 8.4.2\\laravel-tasks-main\\laravel-tasks-main\\vendor\\laravel\\framework\\src\\Illuminate\\Pipeline\\Pipeline.php(183): Illuminate\\Foundation\\Http\\Middleware\\ConvertEmptyStringsToNull->handle()
#37 C:\\Users\\Administrator\\Desktop\\PHP 8.4.2\\laravel-tasks-main\\laravel-tasks-main\\vendor\\laravel\\framework\\src\\Illuminate\\Foundation\\Http\\Middleware\\TransformsRequest.php(21): Illuminate\\Pipeline\\Pipeline->{closure:{closure:Illuminate\\Pipeline\\Pipeline::carry():158}:159}()
#38 C:\\Users\\Administrator\\Desktop\\PHP 8.4.2\\laravel-tasks-main\\laravel-tasks-main\\vendor\\laravel\\framework\\src\\Illuminate\\Foundation\\Http\\Middleware\\TrimStrings.php(40): Illuminate\\Foundation\\Http\\Middleware\\TransformsRequest->handle()
#39 C:\\Users\\Administrator\\Desktop\\PHP 8.4.2\\laravel-tasks-main\\laravel-tasks-main\\vendor\\laravel\\framework\\src\\Illuminate\\Pipeline\\Pipeline.php(183): Illuminate\\Foundation\\Http\\Middleware\\TrimStrings->handle()
#40 C:\\Users\\Administrator\\Desktop\\PHP 8.4.2\\laravel-tasks-main\\laravel-tasks-main\\vendor\\laravel\\framework\\src\\Illuminate\\Foundation\\Http\\Middleware\\ValidatePostSize.php(27): Illuminate\\Pipeline\\Pipeline->{closure:{closure:Illuminate\\Pipeline\\Pipeline::carry():158}:159}()
#41 C:\\Users\\Administrator\\Desktop\\PHP 8.4.2\\laravel-tasks-main\\laravel-tasks-main\\vendor\\laravel\\framework\\src\\Illuminate\\Pipeline\\Pipeline.php(183): Illuminate\\Foundation\\Http\\Middleware\\ValidatePostSize->handle()
#42 C:\\Users\\Administrator\\Desktop\\PHP 8.4.2\\laravel-tasks-main\\laravel-tasks-main\\vendor\\laravel\\framework\\src\\Illuminate\\Foundation\\Http\\Middleware\\PreventRequestsDuringMaintenance.php(99): Illuminate\\Pipeline\\Pipeline->{closure:{closure:Illuminate\\Pipeline\\Pipeline::carry():158}:159}()
#43 C:\\Users\\Administrator\\Desktop\\PHP 8.4.2\\laravel-tasks-main\\laravel-tasks-main\\vendor\\laravel\\framework\\src\\Illuminate\\Pipeline\\Pipeline.php(183): Illuminate\\Foundation\\Http\\Middleware\\PreventRequestsDuringMaintenance->handle()
#44 C:\\Users\\Administrator\\Desktop\\PHP 8.4.2\\laravel-tasks-main\\laravel-tasks-main\\vendor\\laravel\\framework\\src\\Illuminate\\Http\\Middleware\\HandleCors.php(49): Illuminate\\Pipeline\\Pipeline->{closure:{closure:Illuminate\\Pipeline\\Pipeline::carry():158}:159}()
#45 C:\\Users\\Administrator\\Desktop\\PHP 8.4.2\\laravel-tasks-main\\laravel-tasks-main\\vendor\\laravel\\framework\\src\\Illuminate\\Pipeline\\Pipeline.php(183): Illuminate\\Http\\Middleware\\HandleCors->handle()
#46 C:\\Users\\Administrator\\Desktop\\PHP 8.4.2\\laravel-tasks-main\\laravel-tasks-main\\vendor\\laravel\\framework\\src\\Illuminate\\Http\\Middleware\\TrustProxies.php(39): Illuminate\\Pipeline\\Pipeline->{closure:{closure:Illuminate\\Pipeline\\Pipeline::carry():158}:159}()
#47 C:\\Users\\Administrator\\Desktop\\PHP 8.4.2\\laravel-tasks-main\\laravel-tasks-main\\vendor\\laravel\\framework\\src\\Illuminate\\Pipeline\\Pipeline.php(183): Illuminate\\Http\\Middleware\\TrustProxies->handle()
#48 C:\\Users\\Administrator\\Desktop\\PHP 8.4.2\\laravel-tasks-main\\laravel-tasks-main\\vendor\\laravel\\framework\\src\\Illuminate\\Pipeline\\Pipeline.php(119): Illuminate\\Pipeline\\Pipeline->{closure:{closure:Illuminate\\Pipeline\\Pipeline::carry():158}:159}()
#49 C:\\Users\\Administrator\\Desktop\\PHP 8.4.2\\laravel-tasks-main\\laravel-tasks-main\\vendor\\laravel\\framework\\src\\Illuminate\\Foundation\\Http\\Kernel.php(175): Illuminate\\Pipeline\\Pipeline->then()
#50 C:\\Users\\Administrator\\Desktop\\PHP 8.4.2\\laravel-tasks-main\\laravel-tasks-main\\vendor\\laravel\\framework\\src\\Illuminate\\Foundation\\Http\\Kernel.php(144): Illuminate\\Foundation\\Http\\Kernel->sendRequestThroughRouter()
#51 C:\\Users\\Administrator\\Desktop\\PHP 8.4.2\\laravel-tasks-main\\laravel-tasks-main\\public\\index.php(51): Illuminate\\Foundation\\Http\\Kernel->handle()
#52 C:\\Users\\Administrator\\Desktop\\PHP 8.4.2\\laravel-tasks-main\\laravel-tasks-main\\vendor\\laravel\\framework\\src\\Illuminate\\Foundation\\resources\\server.php(16): require_once('...')
#53 {main}

[previous exception] [object] (PDOException(code: 0): could not find driver at C:\\Users\\Administrator\\Desktop\\PHP 8.4.2\\laravel-tasks-main\\laravel-tasks-main\\vendor\\laravel\\framework\\src\\Illuminate\\Database\\Connectors\\Connector.php:65)
[stacktrace]
#0 C:\\Users\\Administrator\\Desktop\\PHP 8.4.2\\laravel-tasks-main\\laravel-tasks-main\\vendor\\laravel\\framework\\src\\Illuminate\\Database\\Connectors\\Connector.php(65): PDO->__construct()
#1 C:\\Users\\Administrator\\Desktop\\PHP 8.4.2\\laravel-tasks-main\\laravel-tasks-main\\vendor\\laravel\\framework\\src\\Illuminate\\Database\\Connectors\\Connector.php(44): Illuminate\\Database\\Connectors\\Connector->createPdoConnection()
#2 C:\\Users\\Administrator\\Desktop\\PHP 8.4.2\\laravel-tasks-main\\laravel-tasks-main\\vendor\\laravel\\framework\\src\\Illuminate\\Database\\Connectors\\MySqlConnector.php(24): Illuminate\\Database\\Connectors\\Connector->createConnection()
#3 C:\\Users\\Administrator\\Desktop\\PHP 8.4.2\\laravel-tasks-main\\laravel-tasks-main\\vendor\\laravel\\framework\\src\\Illuminate\\Database\\Connectors\\ConnectionFactory.php(184): Illuminate\\Database\\Connectors\\MySqlConnector->connect()
#4 [internal function]: Illuminate\\Database\\Connectors\\ConnectionFactory->{closure:Illuminate\\Database\\Connectors\\ConnectionFactory::createPdoResolverWithHosts():179}()
#5 C:\\Users\\Administrator\\Desktop\\PHP 8.4.2\\laravel-tasks-main\\laravel-tasks-main\\vendor\\laravel\\framework\\src\\Illuminate\\Database\\Connection.php(1339): call_user_func()
#6 C:\\Users\\Administrator\\Desktop\\PHP 8.4.2\\laravel-tasks-main\\laravel-tasks-main\\vendor\\laravel\\framework\\src\\Illuminate\\Database\\Connection.php(1375): Illuminate\\Database\\Connection->getPdo()
#7 C:\\Users\\Administrator\\Desktop\\PHP 8.4.2\\laravel-tasks-main\\laravel-tasks-main\\vendor\\laravel\\framework\\src\\Illuminate\\Database\\Connection.php(528): Illuminate\\Database\\Connection->getReadPdo()
#8 C:\\Users\\Administrator\\Desktop\\PHP 8.4.2\\laravel-tasks-main\\laravel-tasks-main\\vendor\\laravel\\framework\\src\\Illuminate\\Database\\Connection.php(423): Illuminate\\Database\\Connection->getPdoForSelect()
#9 C:\\Users\\Administrator\\Desktop\\PHP 8.4.2\\laravel-tasks-main\\laravel-tasks-main\\vendor\\laravel\\framework\\src\\Illuminate\\Database\\Connection.php(816): Illuminate\\Database\\Connection->{closure:Illuminate\\Database\\Connection::select():414}()
#10 C:\\Users\\Administrator\\Desktop\\PHP 8.4.2\\laravel-tasks-main\\laravel-tasks-main\\vendor\\laravel\\framework\\src\\Illuminate\\Database\\Connection.php(783): Illuminate\\Database\\Connection->runQueryCallback()
#11 C:\\Users\\Administrator\\Desktop\\PHP 8.4.2\\laravel-tasks-main\\laravel-tasks-main\\vendor\\laravel\\framework\\src\\Illuminate\\Database\\Connection.php(414): Illuminate\\Database\\Connection->run()
#12 C:\\Users\\Administrator\\Desktop\\PHP 8.4.2\\laravel-tasks-main\\laravel-tasks-main\\vendor\\laravel\\framework\\src\\Illuminate\\Database\\Query\\Builder.php(2913): Illuminate\\Database\\Connection->select()
#13 C:\\Users\\Administrator\\Desktop\\PHP 8.4.2\\laravel-tasks-main\\laravel-tasks-main\\vendor\\laravel\\framework\\src\\Illuminate\\Database\\Query\\Builder.php(2902): Illuminate\\Database\\Query\\Builder->runSelect()
#14 C:\\Users\\Administrator\\Desktop\\PHP 8.4.2\\laravel-tasks-main\\laravel-tasks-main\\vendor\\laravel\\framework\\src\\Illuminate\\Database\\Query\\Builder.php(3456): Illuminate\\Database\\Query\\Builder->{closure:Illuminate\\Database\\Query\\Builder::get():2901}()
#15 C:\\Users\\Administrator\\Desktop\\PHP 8.4.2\\laravel-tasks-main\\laravel-tasks-main\\vendor\\laravel\\framework\\src\\Illuminate\\Database\\Query\\Builder.php(2901): Illuminate\\Database\\Query\\Builder->onceWithColumns()
#16 C:\\Users\\Administrator\\Desktop\\PHP 8.4.2\\laravel-tasks-main\\laravel-tasks-main\\vendor\\laravel\\framework\\src\\Illuminate\\Database\\Eloquent\\Builder.php(739): Illuminate\\Database\\Query\\Builder->get()
#17 C:\\Users\\Administrator\\Desktop\\PHP 8.4.2\\laravel-tasks-main\\laravel-tasks-main\\vendor\\laravel\\framework\\src\\Illuminate\\Database\\Eloquent\\Builder.php(723): Illuminate\\Database\\Eloquent\\Builder->getModels()
#18 C:\\Users\\Administrator\\Desktop\\PHP 8.4.2\\laravel-tasks-main\\laravel-tasks-main\\routes\\web.php(30): Illuminate\\Database\\Eloquent\\Builder->get()
#19 C:\\Users\\Administrator\\Desktop\\PHP 8.4.2\\laravel-tasks-main\\laravel-tasks-main\\vendor\\laravel\\framework\\src\\Illuminate\\Routing\\CallableDispatcher.php(40): Illuminate\\Routing\\RouteFileRegistrar->{closure:C:\\Users\\Administrator\\Desktop\\PHP 8.4.2\\laravel-tasks-main\\laravel-tasks-main\\routes\\web.php:22}()
#20 C:\\Users\\Administrator\\Desktop\\PHP 8.4.2\\laravel-tasks-main\\laravel-tasks-main\\vendor\\laravel\\framework\\src\\Illuminate\\Routing\\Route.php(237): Illuminate\\Routing\\CallableDispatcher->dispatch()
#21 C:\\Users\\Administrator\\Desktop\\PHP 8.4.2\\laravel-tasks-main\\laravel-tasks-main\\vendor\\laravel\\framework\\src\\Illuminate\\Routing\\Route.php(208): Illuminate\\Routing\\Route->runCallable()
#22 C:\\Users\\Administrator\\Desktop\\PHP 8.4.2\\laravel-tasks-main\\laravel-tasks-main\\vendor\\laravel\\framework\\src\\Illuminate\\Routing\\Router.php(806): Illuminate\\Routing\\Route->run()
#23 C:\\Users\\Administrator\\Desktop\\PHP 8.4.2\\laravel-tasks-main\\laravel-tasks-main\\vendor\\laravel\\framework\\src\\Illuminate\\Pipeline\\Pipeline.php(144): Illuminate\\Routing\\Router->{closure:Illuminate\\Routing\\Router::runRouteWithinStack():805}()
#24 C:\\Users\\Administrator\\Desktop\\PHP 8.4.2\\laravel-tasks-main\\laravel-tasks-main\\vendor\\laravel\\framework\\src\\Illuminate\\Routing\\Middleware\\SubstituteBindings.php(50): Illuminate\\Pipeline\\Pipeline->{closure:Illuminate\\Pipeline\\Pipeline::prepareDestination():142}()
#25 C:\\Users\\Administrator\\Desktop\\PHP 8.4.2\\laravel-tasks-main\\laravel-tasks-main\\vendor\\laravel\\framework\\src\\Illuminate\\Pipeline\\Pipeline.php(183): Illuminate\\Routing\\Middleware\\SubstituteBindings->handle()
#26 C:\\Users\\Administrator\\Desktop\\PHP 8.4.2\\laravel-tasks-main\\laravel-tasks-main\\vendor\\laravel\\framework\\src\\Illuminate\\Foundation\\Http\\Middleware\\VerifyCsrfToken.php(78): Illuminate\\Pipeline\\Pipeline->{closure:{closure:Illuminate\\Pipeline\\Pipeline::carry():158}:159}()
#27 C:\\Users\\Administrator\\Desktop\\PHP 8.4.2\\laravel-tasks-main\\laravel-tasks-main\\vendor\\laravel\\framework\\src\\Illuminate\\Pipeline\\Pipeline.php(183): Illuminate\\Foundation\\Http\\Middleware\\VerifyCsrfToken->handle()
#28 C:\\Users\\Administrator\\Desktop\\PHP 8.4.2\\laravel-tasks-main\\laravel-tasks-main\\vendor\\laravel\\framework\\src\\Illuminate\\View\\Middleware\\ShareErrorsFromSession.php(49): Illuminate\\Pipeline\\Pipeline->{closure:{closure:Illuminate\\Pipeline\\Pipeline::carry():158}:159}()
#29 C:\\Users\\Administrator\\Desktop\\PHP 8.4.2\\laravel-tasks-main\\laravel-tasks-main\\vendor\\laravel\\framework\\src\\Illuminate\\Pipeline\\Pipeline.php(183): Illuminate\\View\\Middleware\\ShareErrorsFromSession->handle()
#30 C:\\Users\\Administrator\\Desktop\\PHP 8.4.2\\laravel-tasks-main\\laravel-tasks-main\\vendor\\laravel\\framework\\src\\Illuminate\\Session\\Middleware\\StartSession.php(121): Illuminate\\Pipeline\\Pipeline->{closure:{closure:Illuminate\\Pipeline\\Pipeline::carry():158}:159}()
#31 C:\\Users\\Administrator\\Desktop\\PHP 8.4.2\\laravel-tasks-main\\laravel-tasks-main\\vendor\\laravel\\framework\\src\\Illuminate\\Session\\Middleware\\StartSession.php(64): Illuminate\\Session\\Middleware\\StartSession->handleStatefulRequest()
#32 C:\\Users\\Administrator\\Desktop\\PHP 8.4.2\\laravel-tasks-main\\laravel-tasks-main\\vendor\\laravel\\framework\\src\\Illuminate\\Pipeline\\Pipeline.php(183): Illuminate\\Session\\Middleware\\StartSession->handle()
#33 C:\\Users\\Administrator\\Desktop\\PHP 8.4.2\\laravel-tasks-main\\laravel-tasks-main\\vendor\\laravel\\framework\\src\\Illuminate\\Cookie\\Middleware\\AddQueuedCookiesToResponse.php(37): Illuminate\\Pipeline\\Pipeline->{closure:{closure:Illuminate\\Pipeline\\Pipeline::carry():158}:159}()
#34 C:\\Users\\Administrator\\Desktop\\PHP 8.4.2\\laravel-tasks-main\\laravel-tasks-main\\vendor\\laravel\\framework\\src\\Illuminate\\Pipeline\\Pipeline.php(183): Illuminate\\Cookie\\Middleware\\AddQueuedCookiesToResponse->handle()
#35 C:\\Users\\Administrator\\Desktop\\PHP 8.4.2\\laravel-tasks-main\\laravel-tasks-main\\vendor\\laravel\\framework\\src\\Illuminate\\Cookie\\Middleware\\EncryptCookies.php(67): Illuminate\\Pipeline\\Pipeline->{closure:{closure:Illuminate\\Pipeline\\Pipeline::carry():158}:159}()
#36 C:\\Users\\Administrator\\Desktop\\PHP 8.4.2\\laravel-tasks-main\\laravel-tasks-main\\vendor\\laravel\\framework\\src\\Illuminate\\Pipeline\\Pipeline.php(183): Illuminate\\Cookie\\Middleware\\EncryptCookies->handle()
#37 C:\\Users\\Administrator\\Desktop\\PHP 8.4.2\\laravel-tasks-main\\laravel-tasks-main\\vendor\\laravel\\framework\\src\\Illuminate\\Pipeline\\Pipeline.php(119): Illuminate\\Pipeline\\Pipeline->{closure:{closure:Illuminate\\Pipeline\\Pipeline::carry():158}:159}()
#38 C:\\Users\\Administrator\\Desktop\\PHP 8.4.2\\laravel-tasks-main\\laravel-tasks-main\\vendor\\laravel\\framework\\src\\Illuminate\\Routing\\Router.php(805): Illuminate\\Pipeline\\Pipeline->then()
#39 C:\\Users\\Administrator\\Desktop\\PHP 8.4.2\\laravel-tasks-main\\laravel-tasks-main\\vendor\\laravel\\framework\\src\\Illuminate\\Routing\\Router.php(784): Illuminate\\Routing\\Router->runRouteWithinStack()
#40 C:\\Users\\Administrator\\Desktop\\PHP 8.4.2\\laravel-tasks-main\\laravel-tasks-main\\vendor\\laravel\\framework\\src\\Illuminate\\Routing\\Router.php(748): Illuminate\\Routing\\Router->runRoute()
#41 C:\\Users\\Administrator\\Desktop\\PHP 8.4.2\\laravel-tasks-main\\laravel-tasks-main\\vendor\\laravel\\framework\\src\\Illuminate\\Routing\\Router.php(737): Illuminate\\Routing\\Router->dispatchToRoute()
#42 C:\\Users\\Administrator\\Desktop\\PHP 8.4.2\\laravel-tasks-main\\laravel-tasks-main\\vendor\\laravel\\framework\\src\\Illuminate\\Foundation\\Http\\Kernel.php(200): Illuminate\\Routing\\Router->dispatch()
#43 C:\\Users\\Administrator\\Desktop\\PHP 8.4.2\\laravel-tasks-main\\laravel-tasks-main\\vendor\\laravel\\framework\\src\\Illuminate\\Pipeline\\Pipeline.php(144): Illuminate\\Foundation\\Http\\Kernel->{closure:Illuminate\\Foundation\\Http\\Kernel::dispatchToRouter():197}()
#44 C:\\Users\\Administrator\\Desktop\\PHP 8.4.2\\laravel-tasks-main\\laravel-tasks-main\\vendor\\laravel\\framework\\src\\Illuminate\\Foundation\\Http\\Middleware\\TransformsRequest.php(21): Illuminate\\Pipeline\\Pipeline->{closure:Illuminate\\Pipeline\\Pipeline::prepareDestination():142}()
#45 C:\\Users\\Administrator\\Desktop\\PHP 8.4.2\\laravel-tasks-main\\laravel-tasks-main\\vendor\\laravel\\framework\\src\\Illuminate\\Foundation\\Http\\Middleware\\ConvertEmptyStringsToNull.php(31): Illuminate\\Foundation\\Http\\Middleware\\TransformsRequest->handle()
#46 C:\\Users\\Administrator\\Desktop\\PHP 8.4.2\\laravel-tasks-main\\laravel-tasks-main\\vendor\\laravel\\framework\\src\\Illuminate\\Pipeline\\Pipeline.php(183): Illuminate\\Foundation\\Http\\Middleware\\ConvertEmptyStringsToNull->handle()
#47 C:\\Users\\Administrator\\Desktop\\PHP 8.4.2\\laravel-tasks-main\\laravel-tasks-main\\vendor\\laravel\\framework\\src\\Illuminate\\Foundation\\Http\\Middleware\\TransformsRequest.php(21): Illuminate\\Pipeline\\Pipeline->{closure:{closure:Illuminate\\Pipeline\\Pipeline::carry():158}:159}()
#48 C:\\Users\\Administrator\\Desktop\\PHP 8.4.2\\laravel-tasks-main\\laravel-tasks-main\\vendor\\laravel\\framework\\src\\Illuminate\\Foundation\\Http\\Middleware\\TrimStrings.php(40): Illuminate\\Foundation\\Http\\Middleware\\TransformsRequest->handle()
#49 C:\\Users\\Administrator\\Desktop\\PHP 8.4.2\\laravel-tasks-main\\laravel-tasks-main\\vendor\\laravel\\framework\\src\\Illuminate\\Pipeline\\Pipeline.php(183): Illuminate\\Foundation\\Http\\Middleware\\TrimStrings->handle()
#50 C:\\Users\\Administrator\\Desktop\\PHP 8.4.2\\laravel-tasks-main\\laravel-tasks-main\\vendor\\laravel\\framework\\src\\Illuminate\\Foundation\\Http\\Middleware\\ValidatePostSize.php(27): Illuminate\\Pipeline\\Pipeline->{closure:{closure:Illuminate\\Pipeline\\Pipeline::carry():158}:159}()
#51 C:\\Users\\Administrator\\Desktop\\PHP 8.4.2\\laravel-tasks-main\\laravel-tasks-main\\vendor\\laravel\\framework\\src\\Illuminate\\Pipeline\\Pipeline.php(183): Illuminate\\Foundation\\Http\\Middleware\\ValidatePostSize->handle()
#52 C:\\Users\\Administrator\\Desktop\\PHP 8.4.2\\laravel-tasks-main\\laravel-tasks-main\\vendor\\laravel\\framework\\src\\Illuminate\\Foundation\\Http\\Middleware\\PreventRequestsDuringMaintenance.php(99): Illuminate\\Pipeline\\Pipeline->{closure:{closure:Illuminate\\Pipeline\\Pipeline::carry():158}:159}()
#53 C:\\Users\\Administrator\\Desktop\\PHP 8.4.2\\laravel-tasks-main\\laravel-tasks-main\\vendor\\laravel\\framework\\src\\Illuminate\\Pipeline\\Pipeline.php(183): Illuminate\\Foundation\\Http\\Middleware\\PreventRequestsDuringMaintenance->handle()
#54 C:\\Users\\Administrator\\Desktop\\PHP 8.4.2\\laravel-tasks-main\\laravel-tasks-main\\vendor\\laravel\\framework\\src\\Illuminate\\Http\\Middleware\\HandleCors.php(49): Illuminate\\Pipeline\\Pipeline->{closure:{closure:Illuminate\\Pipeline\\Pipeline::carry():158}:159}()
#55 C:\\Users\\Administrator\\Desktop\\PHP 8.4.2\\laravel-tasks-main\\laravel-tasks-main\\vendor\\laravel\\framework\\src\\Illuminate\\Pipeline\\Pipeline.php(183): Illuminate\\Http\\Middleware\\HandleCors->handle()
#56 C:\\Users\\Administrator\\Desktop\\PHP 8.4.2\\laravel-tasks-main\\laravel-tasks-main\\vendor\\laravel\\framework\\src\\Illuminate\\Http\\Middleware\\TrustProxies.php(39): Illuminate\\Pipeline\\Pipeline->{closure:{closure:Illuminate\\Pipeline\\Pipeline::carry():158}:159}()
#57 C:\\Users\\Administrator\\Desktop\\PHP 8.4.2\\laravel-tasks-main\\laravel-tasks-main\\vendor\\laravel\\framework\\src\\Illuminate\\Pipeline\\Pipeline.php(183): Illuminate\\Http\\Middleware\\TrustProxies->handle()
#58 C:\\Users\\Administrator\\Desktop\\PHP 8.4.2\\laravel-tasks-main\\laravel-tasks-main\\vendor\\laravel\\framework\\src\\Illuminate\\Pipeline\\Pipeline.php(119): Illuminate\\Pipeline\\Pipeline->{closure:{closure:Illuminate\\Pipeline\\Pipeline::carry():158}:159}()
#59 C:\\Users\\Administrator\\Desktop\\PHP 8.4.2\\laravel-tasks-main\\laravel-tasks-main\\vendor\\laravel\\framework\\src\\Illuminate\\Foundation\\Http\\Kernel.php(175): Illuminate\\Pipeline\\Pipeline->then()
#60 C:\\Users\\Administrator\\Desktop\\PHP 8.4.2\\laravel-tasks-main\\laravel-tasks-main\\vendor\\laravel\\framework\\src\\Illuminate\\Foundation\\Http\\Kernel.php(144): Illuminate\\Foundation\\Http\\Kernel->sendRequestThroughRouter()
#61 C:\\Users\\Administrator\\Desktop\\PHP 8.4.2\\laravel-tasks-main\\laravel-tasks-main\\public\\index.php(51): Illuminate\\Foundation\\Http\\Kernel->handle()
#62 C:\\Users\\Administrator\\Desktop\\PHP 8.4.2\\laravel-tasks-main\\laravel-tasks-main\\vendor\\laravel\\framework\\src\\Illuminate\\Foundation\\resources\\server.php(16): require_once('...')
#63 {main}
"} 
